[15744:18184:0920/230517.579:ERROR:sandbox\policy\win\sandbox_win.cc:760] Sandbox cannot access executable. Check filesystem permissions are valid. See https://bit.ly/31yqMJR.: Отказано в доступе. (0x5)
[18240:18212:0920/230517.657:ERROR:ui\gl\direct_composition_support.cc:616] AMD VideoProcessorGetOutputExtension failed: Параметр задан неверно. (0x80070057)
[15744:9944:0920/230517.698:ERROR:content\browser\network_service_instance_impl.cc:595] Network service crashed, restarting service.
[15744:9944:0920/230519.033:ERROR:mojo\public\cpp\bindings\lib\interface_endpoint_client.cc:732] Message 2 rejected by interface blink.mojom.Widget
[16624:9124:0920/230519.271:WARNING:net\spdy\spdy_session.cc:3074] Received HEADERS for invalid stream 1
[16624:9124:0920/230520.115:WARNING:net\spdy\spdy_session.cc:3074] Received HEADERS for invalid stream 3
[15744:8332:0920/230523.070:ERROR:net\cert\internal\cert_issuer_source_aia.cc:35] Error parsing cert retrieved from AIA (as DER):
ERROR: Failed parsing Certificate SEQUENCE
ERROR: Failed parsing Certificate

[15744:8332:0920/230523.070:ERROR:net\cert\internal\cert_issuer_source_aia.cc:35] Error parsing cert retrieved from AIA (as DER):
ERROR: Failed parsing Certificate SEQUENCE
ERROR: Failed parsing Certificate

[15744:9944:0920/230530.592:INFO:CONSOLE:222] "Noise was added to a canvas readback. If this has caused breakage, please file a bug at https://issues.chromium.org/issues/new?component=1456351&title=Canvas%20noise%20breakage. This feature can be disabled through chrome://flags/#enable-canvas-noise", source: https://online.sberbank.ru/TSPD/08bd9624b8ab20001f5f5ae0e7a43594e518e22269bf0f504759f117ab1eee6e4f1283022324b922?type=11 (222)
[17720:16840:0920/230530.615:INFO:third_party\blink\renderer\modules\peerconnection\peer_connection_dependency_factory.cc:924] Running WebRTC with a combined Network and Worker thread.
[15744:9944:0920/230531.547:INFO:CONSOLE:218] "Noise was added to a canvas readback. If this has caused breakage, please file a bug at https://issues.chromium.org/issues/new?component=1456351&title=Canvas%20noise%20breakage. This feature can be disabled through chrome://flags/#enable-canvas-noise", source: https://online.sberbank.ru/TSPD/08bd9624b8ab20001f5f5ae0e7a43594e518e22269bf0f504759f117ab1eee6e4f1283022324b922?type=11 (218)
[15744:9944:0920/230531.581:INFO:CONSOLE:405] "The ScriptProcessorNode is deprecated. Use AudioWorkletNode instead. (https://bit.ly/audio-worklet)", source: https://online.sberbank.ru/TSPD/08bd9624b8ab20001f5f5ae0e7a43594e518e22269bf0f504759f117ab1eee6e4f1283022324b922?type=11 (405)
[15744:9944:0920/230531.705:WARNING:chrome\browser\media\prefs\capture_device_ranking.h:255] Can't initialize the value of media.audio_input.user_preference_ranking because media.default_audio_capture_device isn't registered or is empty
[15744:9944:0920/230531.705:WARNING:chrome\browser\media\prefs\capture_device_ranking.h:255] Can't initialize the value of media.video_input.user_preference_ranking because media.default_video_capture_Device isn't registered or is empty
[15744:8332:0920/230531.862:ERROR:net\cert\internal\cert_issuer_source_aia.cc:136] AiaRequest::OnFetchCompleted got error -7
[15744:9944:0920/230532.363:INFO:CONSOLE:849] "Not allowed to load local resource: chrome://rumola/content/rumola48.png", source: https://online.sberbank.ru/TSPD/08bd9624b8ab20001f5f5ae0e7a43594e518e22269bf0f504759f117ab1eee6e4f1283022324b922?type=11 (849)
[15744:9944:0920/230532.365:INFO:CONSOLE:0] "Mixed Content: The page at 'https://online.sberbank.ru/CSAFront/index.do' was loaded over HTTPS, but requested an insecure element 'http://burp/favicon.ico'. This request was automatically upgraded to HTTPS, For more information see https://blog.chromium.org/2019/10/no-more-mixed-messages-about-https.html", source: https://online.sberbank.ru/CSAFront/index.do (0)
[15744:8332:0920/230532.911:ERROR:net\cert\internal\cert_issuer_source_aia.cc:35] Error parsing cert retrieved from AIA (as DER):
ERROR: Failed parsing Certificate SEQUENCE
ERROR: Failed parsing Certificate

[15744:8332:0920/230532.911:ERROR:net\cert\internal\cert_issuer_source_aia.cc:35] Error parsing cert retrieved from AIA (as DER):
ERROR: Failed parsing Certificate SEQUENCE
ERROR: Failed parsing Certificate

[16624:17560:0920/230538.091:WARNING:net\extras\sqlite\sqlite_persistent_store_backend_base.cc:176] Failed to post task from FlushAndNotifyInBackground@net\extras\sqlite\sqlite_persistent_store_backend_base.cc:226 to client_task_runner_.
[16624:3772:0920/230538.103:WARNING:net\extras\sqlite\sqlite_persistent_store_backend_base.cc:176] Failed to post task from FlushAndNotifyInBackground@net\extras\sqlite\sqlite_persistent_store_backend_base.cc:226 to client_task_runner_.
[16624:3772:0920/230538.103:WARNING:net\extras\sqlite\sqlite_persistent_store_backend_base.cc:176] Failed to post task from FlushAndNotifyInBackground@net\extras\sqlite\sqlite_persistent_store_backend_base.cc:226 to client_task_runner_.
