[14300:18140:0920/230506.481:ERROR:sandbox\policy\win\sandbox_win.cc:760] Sandbox cannot access executable. Check filesystem permissions are valid. See https://bit.ly/31yqMJR.: Отказано в доступе. (0x5)
[17784:16564:0920/230506.558:ERROR:ui\gl\direct_composition_support.cc:616] AMD VideoProcessorGetOutputExtension failed: Параметр задан неверно. (0x80070057)
[14300:15956:0920/230506.594:ERROR:content\browser\network_service_instance_impl.cc:595] Network service crashed, restarting service.
[14300:18132:0920/230510.011:ERROR:net\cert\internal\cert_issuer_source_aia.cc:35] Error parsing cert retrieved from AIA (as DER):
ERROR: Failed parsing Certificate SEQUENCE
ERROR: Failed parsing Certificate

[14300:18132:0920/230511.014:ERROR:net\cert\internal\cert_issuer_source_aia.cc:35] Error parsing cert retrieved from AIA (as DER):
ERROR: Failed parsing Certificate SEQUENCE
ERROR: Failed parsing Certificate

[14300:18132:0920/230519.510:ERROR:net\cert\internal\cert_issuer_source_aia.cc:136] AiaRequest::OnFetchCompleted got error -7
[14300:18132:0920/230520.181:ERROR:net\cert\internal\cert_issuer_source_aia.cc:35] Error parsing cert retrieved from AIA (as DER):
ERROR: Failed parsing Certificate SEQUENCE
ERROR: Failed parsing Certificate

[14300:18132:0920/230520.181:ERROR:net\cert\internal\cert_issuer_source_aia.cc:35] Error parsing cert retrieved from AIA (as DER):
ERROR: Failed parsing Certificate SEQUENCE
ERROR: Failed parsing Certificate

[14300:15956:0920/230527.241:INFO:CONSOLE:222] "Noise was added to a canvas readback. If this has caused breakage, please file a bug at https://issues.chromium.org/issues/new?component=1456351&title=Canvas%20noise%20breakage. This feature can be disabled through chrome://flags/#enable-canvas-noise", source: https://online.sberbank.ru/TSPD/08bd9624b8ab20001f5f5ae0e7a43594e518e22269bf0f504759f117ab1eee6e4f1283022324b922?type=11 (222)
[17316:15992:0920/230527.264:INFO:third_party\blink\renderer\modules\peerconnection\peer_connection_dependency_factory.cc:924] Running WebRTC with a combined Network and Worker thread.
[14300:15956:0920/230528.208:INFO:CONSOLE:218] "Noise was added to a canvas readback. If this has caused breakage, please file a bug at https://issues.chromium.org/issues/new?component=1456351&title=Canvas%20noise%20breakage. This feature can be disabled through chrome://flags/#enable-canvas-noise", source: https://online.sberbank.ru/TSPD/08bd9624b8ab20001f5f5ae0e7a43594e518e22269bf0f504759f117ab1eee6e4f1283022324b922?type=11 (218)
[14300:15956:0920/230528.244:INFO:CONSOLE:405] "The ScriptProcessorNode is deprecated. Use AudioWorkletNode instead. (https://bit.ly/audio-worklet)", source: https://online.sberbank.ru/TSPD/08bd9624b8ab20001f5f5ae0e7a43594e518e22269bf0f504759f117ab1eee6e4f1283022324b922?type=11 (405)
[14300:15956:0920/230528.387:WARNING:chrome\browser\media\prefs\capture_device_ranking.h:255] Can't initialize the value of media.audio_input.user_preference_ranking because media.default_audio_capture_device isn't registered or is empty
[14300:15956:0920/230528.388:WARNING:chrome\browser\media\prefs\capture_device_ranking.h:255] Can't initialize the value of media.video_input.user_preference_ranking because media.default_video_capture_Device isn't registered or is empty
[14300:15956:0920/230529.025:INFO:CONSOLE:849] "Not allowed to load local resource: chrome://rumola/content/rumola48.png", source: https://online.sberbank.ru/TSPD/08bd9624b8ab20001f5f5ae0e7a43594e518e22269bf0f504759f117ab1eee6e4f1283022324b922?type=11 (849)
[14300:15956:0920/230529.027:INFO:CONSOLE:0] "Mixed Content: The page at 'https://online.sberbank.ru/CSAFront/index.do' was loaded over HTTPS, but requested an insecure element 'http://burp/favicon.ico'. This request was automatically upgraded to HTTPS, For more information see https://blog.chromium.org/2019/10/no-more-mixed-messages-about-https.html", source: https://online.sberbank.ru/CSAFront/index.do (0)
[14300:18132:0920/230529.525:ERROR:net\cert\internal\cert_issuer_source_aia.cc:136] AiaRequest::OnFetchCompleted got error -7
[17316:15992:0920/230532.832:INFO:third_party\blink\renderer\modules\peerconnection\peer_connection_dependency_factory.cc:924] Running WebRTC with a combined Network and Worker thread.
[14300:15956:0920/230533.708:INFO:CONSOLE:1] "[Unallowed Browsers Check] OS: Windows; Browser: Chrome@140.0.0.0", source: https://esa-res.online.sberbank.ru/ESA/sbol/r-88.0.0/unallowedbrowsers.js (1)
[14300:15956:0920/230536.018:INFO:CONSOLE:1] "[PL] [WebAuthn Support Check] false", source: https://esa-res.online.sberbank.ru/ESA/sbol/r-88.0.0/index.js (1)
[14300:15956:0920/230536.223:INFO:CONSOLE:1] "Canvas2D: Multiple readback operations using getImageData are faster with the willReadFrequently attribute set to true. See: https://html.spec.whatwg.org/multipage/canvas.html#concept-canvas-will-read-frequently", source: https://esa-res.online.sberbank.ru/ESA/bizone/1.7.3/antifraud.min.js (1)
[14300:15956:0920/230536.238:INFO:CONSOLE:1] "[Deprecating Browser Check] OS: Windows; Browser: Chrome@140.0.0.0", source: https://esa-res.online.sberbank.ru/ESA/sbol/r-88.0.0/index.js (1)
[14300:15956:0920/230536.268:INFO:CONSOLE:1] "[PL] A new service worker is being installed:  [object ServiceWorker]", source: https://esa-res.online.sberbank.ru/ESA/sbol/r-88.0.0/index.js (1)
[14300:15956:0920/230537.027:INFO:CONSOLE:1] "[object Object]", source: https://esa-res.online.sberbank.ru/ESA/sbol/r-88.0.0/index.js (1)
[14300:15956:0920/230537.027:INFO:CONSOLE:1] "Ошибка обработки данных: uri=https://cdnweb.sberbank.ru/greeting/loaders/web_config.json)", source: https://esa-res.online.sberbank.ru/ESA/sbol/r-88.0.0/index.js (1)
[17252:14424:0920/230537.283:WARNING:net\spdy\spdy_session.cc:3074] Received HEADERS for invalid stream 1
[14300:15956:0920/230537.538:INFO:CONSOLE:32] "[SW] Все критичные файлы теперь в кэше", source: https://online.sberbank.ru/sw.js?csaResUrl=https%253A%252F%252Fesa-res.online.sberbank.ru%252FESA%252Fsbol%252Fr-88.0.0%252F (32)
[14300:15956:0920/230537.539:INFO:CONSOLE:64] "[SW] Event: Activate", source: https://online.sberbank.ru/sw.js?csaResUrl=https%253A%252F%252Fesa-res.online.sberbank.ru%252FESA%252Fsbol%252Fr-88.0.0%252F (64)
[14300:15956:0920/230537.539:INFO:CONSOLE:69] "Uncaught (in promise) TypeError: undefined is not iterable (cannot read property Symbol(Symbol.iterator))", source: https://online.sberbank.ru/sw.js?csaResUrl=https%253A%252F%252Fesa-res.online.sberbank.ru%252FESA%252Fsbol%252Fr-88.0.0%252F (69)
[14300:15956:0920/230538.093:INFO:CONSOLE:3] "Canvas2D: Multiple readback operations using getImageData are faster with the willReadFrequently attribute set to true. See: https://html.spec.whatwg.org/multipage/canvas.html#concept-canvas-will-read-frequently", source:  (3)
[14300:15956:0920/230538.257:WARNING:chrome\browser\media\prefs\capture_device_ranking.h:255] Can't initialize the value of media.audio_input.user_preference_ranking because media.default_audio_capture_device isn't registered or is empty
[14300:15956:0920/230538.257:WARNING:chrome\browser\media\prefs\capture_device_ranking.h:255] Can't initialize the value of media.video_input.user_preference_ranking because media.default_video_capture_Device isn't registered or is empty
